<?xml version="1.0" encoding="UTF-8"?>
<!-- Generated by org.testng.reporters.JUnitReportReporter -->
<testsuite hostname="war-machine" failures="0" tests="1" name="com.automation.tests.CreateTutorialTest" time="0.057" errors="0" timestamp="2023-10-11T22:31:24 KGT" skipped="0">
  <testcase classname="com.automation.tests.CreateTutorialTest" name="testCreateTutorial" time="0.057"/>
</testsuite> <!-- com.automation.tests.CreateTutorialTest -->
